# JRE version: OpenJDK Runtime Environment (8.0_242-b01) (build 1.8.0_242-release-1644-b01)
# Java VM: OpenJDK 64-Bit Server VM (25.242-b01 mixed mode windows-amd64 compressed oops)
Heap:
 PSYoungGen      total 271872K, used 163043K [0x00000000d5580000, 0x00000000e7080000, 0x0000000100000000)
  eden space 253952K, 57% used [0x00000000d5580000,0x00000000de33aa58,0x00000000e4d80000)
  from space 17920K, 99% used [0x00000000e4d80000,0x00000000e5efe4e8,0x00000000e5f00000)
  to   space 12288K, 0% used [0x00000000e6480000,0x00000000e6480000,0x00000000e7080000)
 ParOldGen       total 66048K, used 43397K [0x0000000080000000, 0x0000000084080000, 0x00000000d5580000)
  object space 66048K, 65% used [0x0000000080000000,0x0000000082a61600,0x0000000084080000)
 Metaspace       used 71717K, capacity 74694K, committed 74776K, reserved 1114112K
  class space    used 9635K, capacity 10260K, committed 10288K, reserved 1048576K
GC Heap History (10 events):
Event: 15.715 GC heap before
{Heap before GC invocations=12 (full 2):
 PSYoungGen      total 207360K, used 8394K [0x00000000d5580000, 0x00000000e3780000, 0x0000000100000000)
  eden space 195072K, 0% used [0x00000000d5580000,0x00000000d5580000,0x00000000e1400000)
  from space 12288K, 68% used [0x00000000e2080000,0x00000000e28b29e8,0x00000000e2c80000)
  to   space 12800K, 0% used [0x00000000e1400000,0x00000000e1400000,0x00000000e2080000)
 ParOldGen       total 27136K, used 16453K [0x0000000080000000, 0x0000000081a80000, 0x00000000d5580000)
  object space 27136K, 60% used [0x0000000080000000,0x0000000081011718,0x0000000081a80000)
 Metaspace       used 34560K, capacity 35398K, committed 35496K, reserved 1079296K
  class space    used 4738K, capacity 4970K, committed 5040K, reserved 1048576K
Event: 16.229 GC heap after
Heap after GC invocations=12 (full 2):
 PSYoungGen      total 207360K, used 0K [0x00000000d5580000, 0x00000000e3780000, 0x0000000100000000)
  eden space 195072K, 0% used [0x00000000d5580000,0x00000000d5580000,0x00000000e1400000)
  from space 12288K, 0% used [0x00000000e2080000,0x00000000e2080000,0x00000000e2c80000)
  to   space 12800K, 0% used [0x00000000e1400000,0x00000000e1400000,0x00000000e2080000)
 ParOldGen       total 36352K, used 15067K [0x0000000080000000, 0x0000000082380000, 0x00000000d5580000)
  object space 36352K, 41% used [0x0000000080000000,0x0000000080eb6c88,0x0000000082380000)
 Metaspace       used 34560K, capacity 35398K, committed 35496K, reserved 1079296K
  class space    used 4738K, capacity 4970K, committed 5040K, reserved 1048576K
}
Event: 24.893 GC heap before
{Heap before GC invocations=13 (full 2):
 PSYoungGen      total 207360K, used 195072K [0x00000000d5580000, 0x00000000e3780000, 0x0000000100000000)
  eden space 195072K, 100% used [0x00000000d5580000,0x00000000e1400000,0x00000000e1400000)
  from space 12288K, 0% used [0x00000000e2080000,0x00000000e2080000,0x00000000e2c80000)
  to   space 12800K, 0% used [0x00000000e1400000,0x00000000e1400000,0x00000000e2080000)
 ParOldGen       total 36352K, used 15067K [0x0000000080000000, 0x0000000082380000, 0x00000000d5580000)
  object space 36352K, 41% used [0x0000000080000000,0x0000000080eb6c88,0x0000000082380000)
 Metaspace       used 50680K, capacity 52374K, committed 52520K, reserved 1095680K
  class space    used 6768K, capacity 7162K, committed 7216K, reserved 1048576K
Event: 25.028 GC heap after
Heap after GC invocations=13 (full 2):
 PSYoungGen      total 207872K, used 12780K [0x00000000d5580000, 0x00000000e7700000, 0x0000000100000000)
  eden space 195072K, 0% used [0x00000000d5580000,0x00000000d5580000,0x00000000e1400000)
  from space 12800K, 99% used [0x00000000e1400000,0x00000000e207b340,0x00000000e2080000)
  to   space 18944K, 0% used [0x00000000e6480000,0x00000000e6480000,0x00000000e7700000)
 ParOldGen       total 36352K, used 25997K [0x0000000080000000, 0x0000000082380000, 0x00000000d5580000)
  object space 36352K, 71% used [0x0000000080000000,0x0000000081963618,0x0000000082380000)
 Metaspace       used 50680K, capacity 52374K, committed 52520K, reserved 1095680K
  class space    used 6768K, capacity 7162K, committed 7216K, reserved 1048576K
}
Event: 28.631 GC heap before
{Heap before GC invocations=14 (full 2):
 PSYoungGen      total 207872K, used 90974K [0x00000000d5580000, 0x00000000e7700000, 0x0000000100000000)
  eden space 195072K, 40% used [0x00000000d5580000,0x00000000da1dc690,0x00000000e1400000)
  from space 12800K, 99% used [0x00000000e1400000,0x00000000e207b340,0x00000000e2080000)
  to   space 18944K, 0% used [0x00000000e6480000,0x00000000e6480000,0x00000000e7700000)
 ParOldGen       total 36352K, used 25997K [0x0000000080000000, 0x0000000082380000, 0x00000000d5580000)
  object space 36352K, 71% used [0x0000000080000000,0x0000000081963618,0x0000000082380000)
 Metaspace       used 57131K, capacity 59056K, committed 59160K, reserved 1099776K
  class space    used 7810K, capacity 8237K, committed 8240K, reserved 1048576K
Event: 28.720 GC heap after
Heap after GC invocations=14 (full 2):
 PSYoungGen      total 266240K, used 8139K [0x00000000d5580000, 0x00000000e7080000, 0x0000000100000000)
  eden space 253952K, 0% used [0x00000000d5580000,0x00000000d5580000,0x00000000e4d80000)
  from space 12288K, 66% used [0x00000000e6480000,0x00000000e6c72ed0,0x00000000e7080000)
  to   space 17920K, 0% used [0x00000000e4d80000,0x00000000e4d80000,0x00000000e5f00000)
 ParOldGen       total 38912K, used 38593K [0x0000000080000000, 0x0000000082600000, 0x00000000d5580000)
  object space 38912K, 99% used [0x0000000080000000,0x00000000825b07e0,0x0000000082600000)
 Metaspace       used 57131K, capacity 59056K, committed 59160K, reserved 1099776K
  class space    used 7810K, capacity 8237K, committed 8240K, reserved 1048576K
}
Event: 28.720 GC heap before
{Heap before GC invocations=15 (full 3):
 PSYoungGen      total 266240K, used 8139K [0x00000000d5580000, 0x00000000e7080000, 0x0000000100000000)
  eden space 253952K, 0% used [0x00000000d5580000,0x00000000d5580000,0x00000000e4d80000)
  from space 12288K, 66% used [0x00000000e6480000,0x00000000e6c72ed0,0x00000000e7080000)
  to   space 17920K, 0% used [0x00000000e4d80000,0x00000000e4d80000,0x00000000e5f00000)
 ParOldGen       total 38912K, used 38593K [0x0000000080000000, 0x0000000082600000, 0x00000000d5580000)
  object space 38912K, 99% used [0x0000000080000000,0x00000000825b07e0,0x0000000082600000)
 Metaspace       used 57131K, capacity 59056K, committed 59160K, reserved 1099776K
  class space    used 7810K, capacity 8237K, committed 8240K, reserved 1048576K
Event: 29.313 GC heap after
Heap after GC invocations=15 (full 3):
 PSYoungGen      total 266240K, used 0K [0x00000000d5580000, 0x00000000e7080000, 0x0000000100000000)
  eden space 253952K, 0% used [0x00000000d5580000,0x00000000d5580000,0x00000000e4d80000)
  from space 12288K, 0% used [0x00000000e6480000,0x00000000e6480000,0x00000000e7080000)
  to   space 17920K, 0% used [0x00000000e4d80000,0x00000000e4d80000,0x00000000e5f00000)
 ParOldGen       total 66048K, used 33094K [0x0000000080000000, 0x0000000084080000, 0x00000000d5580000)
  object space 66048K, 50% used [0x0000000080000000,0x0000000082051be0,0x0000000084080000)
 Metaspace       used 57129K, capacity 59050K, committed 59160K, reserved 1099776K
  class space    used 7809K, capacity 8236K, committed 8240K, reserved 1048576K
}
Event: 45.264 GC heap before
{Heap before GC invocations=16 (full 3):
 PSYoungGen      total 266240K, used 253952K [0x00000000d5580000, 0x00000000e7080000, 0x0000000100000000)
  eden space 253952K, 100% used [0x00000000d5580000,0x00000000e4d80000,0x00000000e4d80000)
  from space 12288K, 0% used [0x00000000e6480000,0x00000000e6480000,0x00000000e7080000)
  to   space 17920K, 0% used [0x00000000e4d80000,0x00000000e4d80000,0x00000000e5f00000)
 ParOldGen       total 66048K, used 33094K [0x0000000080000000, 0x0000000084080000, 0x00000000d5580000)
  object space 66048K, 50% used [0x0000000080000000,0x0000000082051be0,0x0000000084080000)
 Metaspace       used 66772K, capacity 69474K, committed 69656K, reserved 1110016K
  class space    used 9089K, capacity 9661K, committed 9776K, reserved 1048576K
Event: 45.415 GC heap after
Heap after GC invocations=16 (full 3):
 PSYoungGen      total 271872K, used 17913K [0x00000000d5580000, 0x00000000e7080000, 0x0000000100000000)
  eden space 253952K, 0% used [0x00000000d5580000,0x00000000d5580000,0x00000000e4d80000)
  from space 17920K, 99% used [0x00000000e4d80000,0x00000000e5efe4e8,0x00000000e5f00000)
  to   space 12288K, 0% used [0x00000000e6480000,0x00000000e6480000,0x00000000e7080000)
 ParOldGen       total 66048K, used 43397K [0x0000000080000000, 0x0000000084080000, 0x00000000d5580000)
  object space 66048K, 65% used [0x0000000080000000,0x0000000082a61600,0x0000000084080000)
 Metaspace       used 66772K, capacity 69474K, committed 69656K, reserved 1110016K
  class space    used 9089K, capacity 9661K, committed 9776K, reserved 1048576K
}

