# JRE version: OpenJDK Runtime Environment (8.0_242-b01) (build 1.8.0_242-release-1644-b01)
# Java VM: OpenJDK 64-Bit Server VM (25.242-b01 mixed mode windows-amd64 compressed oops)
Heap:
 PSYoungGen      total 592896K, used 30259K [0x00000000d5580000, 0x00000000fd300000, 0x0000000100000000)
  eden space 565248K, 3% used [0x00000000d5580000,0x00000000d6b629d8,0x00000000f7d80000)
  from space 27648K, 28% used [0x00000000f7d80000,0x00000000f852a578,0x00000000f9880000)
  to   space 23552K, 0% used [0x00000000fbc00000,0x00000000fbc00000,0x00000000fd300000)
 ParOldGen       total 135680K, used 86351K [0x0000000080000000, 0x0000000088480000, 0x00000000d5580000)
  object space 135680K, 63% used [0x0000000080000000,0x0000000085453d28,0x0000000088480000)
 Metaspace       used 85793K, capacity 89436K, committed 89640K, reserved 1126400K
  class space    used 11238K, capacity 11951K, committed 12080K, reserved 1048576K
GC Heap History (10 events):
Event: 174.239 GC heap before
{Heap before GC invocations=34 (full 5):
 PSYoungGen      total 539136K, used 521530K [0x00000000d5580000, 0x00000000f8580000, 0x0000000100000000)
  eden space 515072K, 100% used [0x00000000d5580000,0x00000000f4c80000,0x00000000f4c80000)
  from space 24064K, 26% used [0x00000000f6e00000,0x00000000f744eaa8,0x00000000f8580000)
  to   space 29184K, 0% used [0x00000000f4c80000,0x00000000f4c80000,0x00000000f6900000)
 ParOldGen       total 135680K, used 86327K [0x0000000080000000, 0x0000000088480000, 0x00000000d5580000)
  object space 135680K, 63% used [0x0000000080000000,0x000000008544dd28,0x0000000088480000)
 Metaspace       used 85689K, capacity 89422K, committed 89640K, reserved 1126400K
  class space    used 11237K, capacity 11950K, committed 12080K, reserved 1048576K
Event: 174.267 GC heap after
Heap after GC invocations=34 (full 5):
 PSYoungGen      total 544256K, used 5547K [0x00000000d5580000, 0x00000000fb800000, 0x0000000100000000)
  eden space 515072K, 0% used [0x00000000d5580000,0x00000000d5580000,0x00000000f4c80000)
  from space 29184K, 19% used [0x00000000f4c80000,0x00000000f51eaf18,0x00000000f6900000)
  to   space 27648K, 0% used [0x00000000f9d00000,0x00000000f9d00000,0x00000000fb800000)
 ParOldGen       total 135680K, used 86335K [0x0000000080000000, 0x0000000088480000, 0x00000000d5580000)
  object space 135680K, 63% used [0x0000000080000000,0x000000008544fd28,0x0000000088480000)
 Metaspace       used 85689K, capacity 89422K, committed 89640K, reserved 1126400K
  class space    used 11237K, capacity 11950K, committed 12080K, reserved 1048576K
}
Event: 182.215 GC heap before
{Heap before GC invocations=35 (full 5):
 PSYoungGen      total 544256K, used 520619K [0x00000000d5580000, 0x00000000fb800000, 0x0000000100000000)
  eden space 515072K, 100% used [0x00000000d5580000,0x00000000f4c80000,0x00000000f4c80000)
  from space 29184K, 19% used [0x00000000f4c80000,0x00000000f51eaf18,0x00000000f6900000)
  to   space 27648K, 0% used [0x00000000f9d00000,0x00000000f9d00000,0x00000000fb800000)
 ParOldGen       total 135680K, used 86335K [0x0000000080000000, 0x0000000088480000, 0x00000000d5580000)
  object space 135680K, 63% used [0x0000000080000000,0x000000008544fd28,0x0000000088480000)
 Metaspace       used 85719K, capacity 89422K, committed 89640K, reserved 1126400K
  class space    used 11237K, capacity 11950K, committed 12080K, reserved 1048576K
Event: 182.319 GC heap after
Heap after GC invocations=35 (full 5):
 PSYoungGen      total 588288K, used 13625K [0x00000000d5580000, 0x00000000fb380000, 0x0000000100000000)
  eden space 565248K, 0% used [0x00000000d5580000,0x00000000d5580000,0x00000000f7d80000)
  from space 23040K, 59% used [0x00000000f9d00000,0x00000000faa4e6b8,0x00000000fb380000)
  to   space 27648K, 0% used [0x00000000f7d80000,0x00000000f7d80000,0x00000000f9880000)
 ParOldGen       total 135680K, used 86335K [0x0000000080000000, 0x0000000088480000, 0x00000000d5580000)
  object space 135680K, 63% used [0x0000000080000000,0x000000008544fd28,0x0000000088480000)
 Metaspace       used 85719K, capacity 89422K, committed 89640K, reserved 1126400K
  class space    used 11237K, capacity 11950K, committed 12080K, reserved 1048576K
}
Event: 190.468 GC heap before
{Heap before GC invocations=36 (full 5):
 PSYoungGen      total 588288K, used 578873K [0x00000000d5580000, 0x00000000fb380000, 0x0000000100000000)
  eden space 565248K, 100% used [0x00000000d5580000,0x00000000f7d80000,0x00000000f7d80000)
  from space 23040K, 59% used [0x00000000f9d00000,0x00000000faa4e6b8,0x00000000fb380000)
  to   space 27648K, 0% used [0x00000000f7d80000,0x00000000f7d80000,0x00000000f9880000)
 ParOldGen       total 135680K, used 86335K [0x0000000080000000, 0x0000000088480000, 0x00000000d5580000)
  object space 135680K, 63% used [0x0000000080000000,0x000000008544fd28,0x0000000088480000)
 Metaspace       used 85740K, capacity 89422K, committed 89640K, reserved 1126400K
  class space    used 11237K, capacity 11950K, committed 12080K, reserved 1048576K
Event: 190.493 GC heap after
Heap after GC invocations=36 (full 5):
 PSYoungGen      total 592896K, used 3732K [0x00000000d5580000, 0x00000000fb380000, 0x0000000100000000)
  eden space 565248K, 0% used [0x00000000d5580000,0x00000000d5580000,0x00000000f7d80000)
  from space 27648K, 13% used [0x00000000f7d80000,0x00000000f81251d0,0x00000000f9880000)
  to   space 23040K, 0% used [0x00000000f9d00000,0x00000000f9d00000,0x00000000fb380000)
 ParOldGen       total 135680K, used 86335K [0x0000000080000000, 0x0000000088480000, 0x00000000d5580000)
  object space 135680K, 63% used [0x0000000080000000,0x000000008544fd28,0x0000000088480000)
 Metaspace       used 85740K, capacity 89422K, committed 89640K, reserved 1126400K
  class space    used 11237K, capacity 11950K, committed 12080K, reserved 1048576K
}
Event: 198.604 GC heap before
{Heap before GC invocations=37 (full 5):
 PSYoungGen      total 592896K, used 568980K [0x00000000d5580000, 0x00000000fb380000, 0x0000000100000000)
  eden space 565248K, 100% used [0x00000000d5580000,0x00000000f7d80000,0x00000000f7d80000)
  from space 27648K, 13% used [0x00000000f7d80000,0x00000000f81251d0,0x00000000f9880000)
  to   space 23040K, 0% used [0x00000000f9d00000,0x00000000f9d00000,0x00000000fb380000)
 ParOldGen       total 135680K, used 86335K [0x0000000080000000, 0x0000000088480000, 0x00000000d5580000)
  object space 135680K, 63% used [0x0000000080000000,0x000000008544fd28,0x0000000088480000)
 Metaspace       used 85771K, capacity 89436K, committed 89640K, reserved 1126400K
  class space    used 11238K, capacity 11951K, committed 12080K, reserved 1048576K
Event: 198.926 GC heap after
Heap after GC invocations=37 (full 5):
 PSYoungGen      total 588288K, used 8675K [0x00000000d5580000, 0x00000000fb380000, 0x0000000100000000)
  eden space 565248K, 0% used [0x00000000d5580000,0x00000000d5580000,0x00000000f7d80000)
  from space 23040K, 37% used [0x00000000f9d00000,0x00000000fa578df0,0x00000000fb380000)
  to   space 27648K, 0% used [0x00000000f7d80000,0x00000000f7d80000,0x00000000f9880000)
 ParOldGen       total 135680K, used 86343K [0x0000000080000000, 0x0000000088480000, 0x00000000d5580000)
  object space 135680K, 63% used [0x0000000080000000,0x0000000085451d28,0x0000000088480000)
 Metaspace       used 85771K, capacity 89436K, committed 89640K, reserved 1126400K
  class space    used 11238K, capacity 11951K, committed 12080K, reserved 1048576K
}
Event: 205.507 GC heap before
{Heap before GC invocations=38 (full 5):
 PSYoungGen      total 588288K, used 573923K [0x00000000d5580000, 0x00000000fb380000, 0x0000000100000000)
  eden space 565248K, 100% used [0x00000000d5580000,0x00000000f7d80000,0x00000000f7d80000)
  from space 23040K, 37% used [0x00000000f9d00000,0x00000000fa578df0,0x00000000fb380000)
  to   space 27648K, 0% used [0x00000000f7d80000,0x00000000f7d80000,0x00000000f9880000)
 ParOldGen       total 135680K, used 86343K [0x0000000080000000, 0x0000000088480000, 0x00000000d5580000)
  object space 135680K, 63% used [0x0000000080000000,0x0000000085451d28,0x0000000088480000)
 Metaspace       used 85788K, capacity 89436K, committed 89640K, reserved 1126400K
  class space    used 11238K, capacity 11951K, committed 12080K, reserved 1048576K
Event: 205.546 GC heap after
Heap after GC invocations=38 (full 5):
 PSYoungGen      total 592896K, used 7849K [0x00000000d5580000, 0x00000000fd300000, 0x0000000100000000)
  eden space 565248K, 0% used [0x00000000d5580000,0x00000000d5580000,0x00000000f7d80000)
  from space 27648K, 28% used [0x00000000f7d80000,0x00000000f852a578,0x00000000f9880000)
  to   space 23552K, 0% used [0x00000000fbc00000,0x00000000fbc00000,0x00000000fd300000)
 ParOldGen       total 135680K, used 86351K [0x0000000080000000, 0x0000000088480000, 0x00000000d5580000)
  object space 135680K, 63% used [0x0000000080000000,0x0000000085453d28,0x0000000088480000)
 Metaspace       used 85788K, capacity 89436K, committed 89640K, reserved 1126400K
  class space    used 11238K, capacity 11951K, committed 12080K, reserved 1048576K
}

