# JRE version: OpenJDK Runtime Environment (8.0_242-b01) (build 1.8.0_242-release-1644-b01)
# Java VM: OpenJDK 64-Bit Server VM (25.242-b01 mixed mode windows-amd64 compressed oops)
Heap:
 PSYoungGen      total 345088K, used 145701K [0x00000000d5580000, 0x00000000ee400000, 0x0000000100000000)
  eden space 318976K, 45% used [0x00000000d5580000,0x00000000de3c95a0,0x00000000e8d00000)
  from space 26112K, 0% used [0x00000000eb200000,0x00000000eb200000,0x00000000ecb80000)
  to   space 37888K, 0% used [0x00000000e8d00000,0x00000000e8d00000,0x00000000eb200000)
 ParOldGen       total 109568K, used 61966K [0x0000000080000000, 0x0000000086b00000, 0x00000000d5580000)
  object space 109568K, 56% used [0x0000000080000000,0x0000000083c83900,0x0000000086b00000)
 Metaspace       used 87512K, capacity 91474K, committed 91672K, reserved 1128448K
  class space    used 11726K, capacity 12548K, committed 12592K, reserved 1048576K
GC Heap History (10 events):
Event: 36.922 GC heap before
{Heap before GC invocations=14 (full 2):
 PSYoungGen      total 211456K, used 89738K [0x00000000d5580000, 0x00000000e7d00000, 0x0000000100000000)
  eden space 198656K, 38% used [0x00000000d5580000,0x00000000da0a3680,0x00000000e1780000)
  from space 12800K, 99% used [0x00000000e1780000,0x00000000e23ff340,0x00000000e2400000)
  to   space 18944K, 0% used [0x00000000e6a80000,0x00000000e6a80000,0x00000000e7d00000)
 ParOldGen       total 35840K, used 26367K [0x0000000080000000, 0x0000000082300000, 0x00000000d5580000)
  object space 35840K, 73% used [0x0000000080000000,0x00000000819bfcc8,0x0000000082300000)
 Metaspace       used 57147K, capacity 59114K, committed 59160K, reserved 1099776K
  class space    used 7808K, capacity 8236K, committed 8240K, reserved 1048576K
Event: 37.012 GC heap after
Heap after GC invocations=14 (full 2):
 PSYoungGen      total 278528K, used 7738K [0x00000000d5580000, 0x00000000e7980000, 0x0000000100000000)
  eden space 263168K, 0% used [0x00000000d5580000,0x00000000d5580000,0x00000000e5680000)
  from space 15360K, 50% used [0x00000000e6a80000,0x00000000e720eb50,0x00000000e7980000)
  to   space 17920K, 0% used [0x00000000e5680000,0x00000000e5680000,0x00000000e6800000)
 ParOldGen       total 39424K, used 38992K [0x0000000080000000, 0x0000000082680000, 0x00000000d5580000)
  object space 39424K, 98% used [0x0000000080000000,0x0000000082614278,0x0000000082680000)
 Metaspace       used 57147K, capacity 59114K, committed 59160K, reserved 1099776K
  class space    used 7808K, capacity 8236K, committed 8240K, reserved 1048576K
}
Event: 37.012 GC heap before
{Heap before GC invocations=15 (full 3):
 PSYoungGen      total 278528K, used 7738K [0x00000000d5580000, 0x00000000e7980000, 0x0000000100000000)
  eden space 263168K, 0% used [0x00000000d5580000,0x00000000d5580000,0x00000000e5680000)
  from space 15360K, 50% used [0x00000000e6a80000,0x00000000e720eb50,0x00000000e7980000)
  to   space 17920K, 0% used [0x00000000e5680000,0x00000000e5680000,0x00000000e6800000)
 ParOldGen       total 39424K, used 38992K [0x0000000080000000, 0x0000000082680000, 0x00000000d5580000)
  object space 39424K, 98% used [0x0000000080000000,0x0000000082614278,0x0000000082680000)
 Metaspace       used 57147K, capacity 59114K, committed 59160K, reserved 1099776K
  class space    used 7808K, capacity 8236K, committed 8240K, reserved 1048576K
Event: 37.642 GC heap after
Heap after GC invocations=15 (full 3):
 PSYoungGen      total 278528K, used 0K [0x00000000d5580000, 0x00000000e7980000, 0x0000000100000000)
  eden space 263168K, 0% used [0x00000000d5580000,0x00000000d5580000,0x00000000e5680000)
  from space 15360K, 0% used [0x00000000e6a80000,0x00000000e6a80000,0x00000000e7980000)
  to   space 17920K, 0% used [0x00000000e5680000,0x00000000e5680000,0x00000000e6800000)
 ParOldGen       total 65024K, used 32774K [0x0000000080000000, 0x0000000083f80000, 0x00000000d5580000)
  object space 65024K, 50% used [0x0000000080000000,0x0000000082001a88,0x0000000083f80000)
 Metaspace       used 57147K, capacity 59114K, committed 59160K, reserved 1099776K
  class space    used 7808K, capacity 8236K, committed 8240K, reserved 1048576K
}
Event: 53.364 GC heap before
{Heap before GC invocations=16 (full 3):
 PSYoungGen      total 278528K, used 263168K [0x00000000d5580000, 0x00000000e7980000, 0x0000000100000000)
  eden space 263168K, 100% used [0x00000000d5580000,0x00000000e5680000,0x00000000e5680000)
  from space 15360K, 0% used [0x00000000e6a80000,0x00000000e6a80000,0x00000000e7980000)
  to   space 17920K, 0% used [0x00000000e5680000,0x00000000e5680000,0x00000000e6800000)
 ParOldGen       total 65024K, used 32774K [0x0000000080000000, 0x0000000083f80000, 0x00000000d5580000)
  object space 65024K, 50% used [0x0000000080000000,0x0000000082001a88,0x0000000083f80000)
 Metaspace       used 67105K, capacity 69762K, committed 69784K, reserved 1110016K
  class space    used 9063K, capacity 9646K, committed 9648K, reserved 1048576K
Event: 53.530 GC heap after
Heap after GC invocations=16 (full 3):
 PSYoungGen      total 281088K, used 17917K [0x00000000d5580000, 0x00000000ecb80000, 0x0000000100000000)
  eden space 263168K, 0% used [0x00000000d5580000,0x00000000d5580000,0x00000000e5680000)
  from space 17920K, 99% used [0x00000000e5680000,0x00000000e67ff780,0x00000000e6800000)
  to   space 26112K, 0% used [0x00000000eb200000,0x00000000eb200000,0x00000000ecb80000)
 ParOldGen       total 65024K, used 47205K [0x0000000080000000, 0x0000000083f80000, 0x00000000d5580000)
  object space 65024K, 72% used [0x0000000080000000,0x0000000082e194c0,0x0000000083f80000)
 Metaspace       used 67105K, capacity 69762K, committed 69784K, reserved 1110016K
  class space    used 9063K, capacity 9646K, committed 9648K, reserved 1048576K
}
Event: 76.230 GC heap before
{Heap before GC invocations=17 (full 3):
 PSYoungGen      total 281088K, used 281085K [0x00000000d5580000, 0x00000000ecb80000, 0x0000000100000000)
  eden space 263168K, 100% used [0x00000000d5580000,0x00000000e5680000,0x00000000e5680000)
  from space 17920K, 99% used [0x00000000e5680000,0x00000000e67ff780,0x00000000e6800000)
  to   space 26112K, 0% used [0x00000000eb200000,0x00000000eb200000,0x00000000ecb80000)
 ParOldGen       total 65024K, used 47205K [0x0000000080000000, 0x0000000083f80000, 0x00000000d5580000)
  object space 65024K, 72% used [0x0000000080000000,0x0000000082e194c0,0x0000000083f80000)
 Metaspace       used 79903K, capacity 83486K, committed 83608K, reserved 1122304K
  class space    used 10837K, capacity 11596K, committed 11696K, reserved 1048576K
Event: 76.902 GC heap after
Heap after GC invocations=17 (full 3):
 PSYoungGen      total 345088K, used 26110K [0x00000000d5580000, 0x00000000ee400000, 0x0000000100000000)
  eden space 318976K, 0% used [0x00000000d5580000,0x00000000d5580000,0x00000000e8d00000)
  from space 26112K, 99% used [0x00000000eb200000,0x00000000ecb7f850,0x00000000ecb80000)
  to   space 37888K, 0% used [0x00000000e8d00000,0x00000000e8d00000,0x00000000eb200000)
 ParOldGen       total 67072K, used 66909K [0x0000000080000000, 0x0000000084180000, 0x00000000d5580000)
  object space 67072K, 99% used [0x0000000080000000,0x0000000084157600,0x0000000084180000)
 Metaspace       used 79903K, capacity 83486K, committed 83608K, reserved 1122304K
  class space    used 10837K, capacity 11596K, committed 11696K, reserved 1048576K
}
Event: 76.902 GC heap before
{Heap before GC invocations=18 (full 4):
 PSYoungGen      total 345088K, used 26110K [0x00000000d5580000, 0x00000000ee400000, 0x0000000100000000)
  eden space 318976K, 0% used [0x00000000d5580000,0x00000000d5580000,0x00000000e8d00000)
  from space 26112K, 99% used [0x00000000eb200000,0x00000000ecb7f850,0x00000000ecb80000)
  to   space 37888K, 0% used [0x00000000e8d00000,0x00000000e8d00000,0x00000000eb200000)
 ParOldGen       total 67072K, used 66909K [0x0000000080000000, 0x0000000084180000, 0x00000000d5580000)
  object space 67072K, 99% used [0x0000000080000000,0x0000000084157600,0x0000000084180000)
 Metaspace       used 79903K, capacity 83486K, committed 83608K, reserved 1122304K
  class space    used 10837K, capacity 11596K, committed 11696K, reserved 1048576K
Event: 78.820 GC heap after
Heap after GC invocations=18 (full 4):
 PSYoungGen      total 345088K, used 0K [0x00000000d5580000, 0x00000000ee400000, 0x0000000100000000)
  eden space 318976K, 0% used [0x00000000d5580000,0x00000000d5580000,0x00000000e8d00000)
  from space 26112K, 0% used [0x00000000eb200000,0x00000000eb200000,0x00000000ecb80000)
  to   space 37888K, 0% used [0x00000000e8d00000,0x00000000e8d00000,0x00000000eb200000)
 ParOldGen       total 109568K, used 61966K [0x0000000080000000, 0x0000000086b00000, 0x00000000d5580000)
  object space 109568K, 56% used [0x0000000080000000,0x0000000083c83900,0x0000000086b00000)
 Metaspace       used 79648K, capacity 83174K, committed 83608K, reserved 1122304K
  class space    used 10814K, capacity 11554K, committed 11696K, reserved 1048576K
}

