# JRE version: OpenJDK Runtime Environment (8.0_242-b01) (build 1.8.0_242-release-1644-b01)
# Java VM: OpenJDK 64-Bit Server VM (25.242-b01 mixed mode windows-amd64 compressed oops)
Heap:
 PSYoungGen      total 110592K, used 28986K [0x00000000d5580000, 0x00000000dd080000, 0x0000000100000000)
  eden space 100864K, 19% used [0x00000000d5580000,0x00000000d6851548,0x00000000db800000)
  from space 9728K, 99% used [0x00000000dbd80000,0x00000000dc6fd478,0x00000000dc700000)
  to   space 8192K, 0% used [0x00000000dc880000,0x00000000dc880000,0x00000000dd080000)
 ParOldGen       total 32256K, used 15763K [0x0000000080000000, 0x0000000081f80000, 0x00000000d5580000)
  object space 32256K, 48% used [0x0000000080000000,0x0000000080f64fd8,0x0000000081f80000)
 Metaspace       used 44418K, capacity 45936K, committed 46120K, reserved 1089536K
  class space    used 5995K, capacity 6378K, committed 6448K, reserved 1048576K
GC Heap History (10 events):
Event: 15.774 GC heap before
{Heap before GC invocations=11 (full 1):
 PSYoungGen      total 74240K, used 68096K [0x00000000d5580000, 0x00000000dd100000, 0x0000000100000000)
  eden space 68096K, 100% used [0x00000000d5580000,0x00000000d9800000,0x00000000d9800000)
  from space 6144K, 0% used [0x00000000d9800000,0x00000000d9800000,0x00000000d9e00000)
  to   space 8704K, 0% used [0x00000000dc880000,0x00000000dc880000,0x00000000dd100000)
 ParOldGen       total 26112K, used 11945K [0x0000000080000000, 0x0000000081980000, 0x00000000d5580000)
  object space 26112K, 45% used [0x0000000080000000,0x0000000080baa718,0x0000000081980000)
 Metaspace       used 28925K, capacity 29620K, committed 29744K, reserved 1075200K
  class space    used 3901K, capacity 4127K, committed 4144K, reserved 1048576K
Event: 15.854 GC heap after
Heap after GC invocations=11 (full 1):
 PSYoungGen      total 109056K, used 8185K [0x00000000d5580000, 0x00000000dd080000, 0x0000000100000000)
  eden space 100864K, 0% used [0x00000000d5580000,0x00000000d5580000,0x00000000db800000)
  from space 8192K, 99% used [0x00000000dc880000,0x00000000dd07e468,0x00000000dd080000)
  to   space 9728K, 0% used [0x00000000dbd80000,0x00000000dbd80000,0x00000000dc700000)
 ParOldGen       total 26112K, used 11953K [0x0000000080000000, 0x0000000081980000, 0x00000000d5580000)
  object space 26112K, 45% used [0x0000000080000000,0x0000000080bac718,0x0000000081980000)
 Metaspace       used 28925K, capacity 29620K, committed 29744K, reserved 1075200K
  class space    used 3901K, capacity 4127K, committed 4144K, reserved 1048576K
}
Event: 18.530 GC heap before
{Heap before GC invocations=12 (full 1):
 PSYoungGen      total 109056K, used 109049K [0x00000000d5580000, 0x00000000dd080000, 0x0000000100000000)
  eden space 100864K, 100% used [0x00000000d5580000,0x00000000db800000,0x00000000db800000)
  from space 8192K, 99% used [0x00000000dc880000,0x00000000dd07e468,0x00000000dd080000)
  to   space 9728K, 0% used [0x00000000dbd80000,0x00000000dbd80000,0x00000000dc700000)
 ParOldGen       total 26112K, used 11953K [0x0000000080000000, 0x0000000081980000, 0x00000000d5580000)
  object space 26112K, 45% used [0x0000000080000000,0x0000000080bac718,0x0000000081980000)
 Metaspace       used 34313K, capacity 35086K, committed 35248K, reserved 1079296K
  class space    used 4705K, capacity 4934K, committed 5040K, reserved 1048576K
Event: 18.620 GC heap after
Heap after GC invocations=12 (full 1):
 PSYoungGen      total 110592K, used 7891K [0x00000000d5580000, 0x00000000dd080000, 0x0000000100000000)
  eden space 100864K, 0% used [0x00000000d5580000,0x00000000d5580000,0x00000000db800000)
  from space 9728K, 81% used [0x00000000dbd80000,0x00000000dc534e88,0x00000000dc700000)
  to   space 8192K, 0% used [0x00000000dc880000,0x00000000dc880000,0x00000000dd080000)
 ParOldGen       total 26112K, used 15324K [0x0000000080000000, 0x0000000081980000, 0x00000000d5580000)
  object space 26112K, 58% used [0x0000000080000000,0x0000000080ef7288,0x0000000081980000)
 Metaspace       used 34313K, capacity 35086K, committed 35248K, reserved 1079296K
  class space    used 4705K, capacity 4934K, committed 5040K, reserved 1048576K
}
Event: 18.737 GC heap before
{Heap before GC invocations=13 (full 1):
 PSYoungGen      total 110592K, used 13569K [0x00000000d5580000, 0x00000000dd080000, 0x0000000100000000)
  eden space 100864K, 5% used [0x00000000d5580000,0x00000000d5b0b638,0x00000000db800000)
  from space 9728K, 81% used [0x00000000dbd80000,0x00000000dc534e88,0x00000000dc700000)
  to   space 8192K, 0% used [0x00000000dc880000,0x00000000dc880000,0x00000000dd080000)
 ParOldGen       total 26112K, used 15324K [0x0000000080000000, 0x0000000081980000, 0x00000000d5580000)
  object space 26112K, 58% used [0x0000000080000000,0x0000000080ef7288,0x0000000081980000)
 Metaspace       used 34566K, capacity 35398K, committed 35496K, reserved 1079296K
  class space    used 4740K, capacity 4970K, committed 5040K, reserved 1048576K
Event: 18.751 GC heap after
Heap after GC invocations=13 (full 1):
 PSYoungGen      total 109056K, used 368K [0x00000000d5580000, 0x00000000dd080000, 0x0000000100000000)
  eden space 100864K, 0% used [0x00000000d5580000,0x00000000d5580000,0x00000000db800000)
  from space 8192K, 4% used [0x00000000dc880000,0x00000000dc8dc1b8,0x00000000dd080000)
  to   space 9728K, 0% used [0x00000000dbd80000,0x00000000dbd80000,0x00000000dc700000)
 ParOldGen       total 26112K, used 18260K [0x0000000080000000, 0x0000000081980000, 0x00000000d5580000)
  object space 26112K, 69% used [0x0000000080000000,0x00000000811d52d8,0x0000000081980000)
 Metaspace       used 34566K, capacity 35398K, committed 35496K, reserved 1079296K
  class space    used 4740K, capacity 4970K, committed 5040K, reserved 1048576K
}
Event: 18.751 GC heap before
{Heap before GC invocations=14 (full 2):
 PSYoungGen      total 109056K, used 368K [0x00000000d5580000, 0x00000000dd080000, 0x0000000100000000)
  eden space 100864K, 0% used [0x00000000d5580000,0x00000000d5580000,0x00000000db800000)
  from space 8192K, 4% used [0x00000000dc880000,0x00000000dc8dc1b8,0x00000000dd080000)
  to   space 9728K, 0% used [0x00000000dbd80000,0x00000000dbd80000,0x00000000dc700000)
 ParOldGen       total 26112K, used 18260K [0x0000000080000000, 0x0000000081980000, 0x00000000d5580000)
  object space 26112K, 69% used [0x0000000080000000,0x00000000811d52d8,0x0000000081980000)
 Metaspace       used 34566K, capacity 35398K, committed 35496K, reserved 1079296K
  class space    used 4740K, capacity 4970K, committed 5040K, reserved 1048576K
Event: 19.011 GC heap after
Heap after GC invocations=14 (full 2):
 PSYoungGen      total 109056K, used 0K [0x00000000d5580000, 0x00000000dd080000, 0x0000000100000000)
  eden space 100864K, 0% used [0x00000000d5580000,0x00000000d5580000,0x00000000db800000)
  from space 8192K, 0% used [0x00000000dc880000,0x00000000dc880000,0x00000000dd080000)
  to   space 9728K, 0% used [0x00000000dbd80000,0x00000000dbd80000,0x00000000dc700000)
 ParOldGen       total 32256K, used 13389K [0x0000000080000000, 0x0000000081f80000, 0x00000000d5580000)
  object space 32256K, 41% used [0x0000000080000000,0x0000000080d13788,0x0000000081f80000)
 Metaspace       used 34566K, capacity 35398K, committed 35496K, reserved 1079296K
  class space    used 4740K, capacity 4970K, committed 5040K, reserved 1048576K
}
Event: 23.807 GC heap before
{Heap before GC invocations=15 (full 2):
 PSYoungGen      total 109056K, used 100864K [0x00000000d5580000, 0x00000000dd080000, 0x0000000100000000)
  eden space 100864K, 100% used [0x00000000d5580000,0x00000000db800000,0x00000000db800000)
  from space 8192K, 0% used [0x00000000dc880000,0x00000000dc880000,0x00000000dd080000)
  to   space 9728K, 0% used [0x00000000dbd80000,0x00000000dbd80000,0x00000000dc700000)
 ParOldGen       total 32256K, used 13389K [0x0000000080000000, 0x0000000081f80000, 0x00000000d5580000)
  object space 32256K, 41% used [0x0000000080000000,0x0000000080d13788,0x0000000081f80000)
 Metaspace       used 43243K, capacity 44674K, committed 44968K, reserved 1087488K
  class space    used 5860K, capacity 6215K, committed 6320K, reserved 1048576K
Event: 23.864 GC heap after
Heap after GC invocations=15 (full 2):
 PSYoungGen      total 110592K, used 9717K [0x00000000d5580000, 0x00000000dd080000, 0x0000000100000000)
  eden space 100864K, 0% used [0x00000000d5580000,0x00000000d5580000,0x00000000db800000)
  from space 9728K, 99% used [0x00000000dbd80000,0x00000000dc6fd478,0x00000000dc700000)
  to   space 8192K, 0% used [0x00000000dc880000,0x00000000dc880000,0x00000000dd080000)
 ParOldGen       total 32256K, used 15763K [0x0000000080000000, 0x0000000081f80000, 0x00000000d5580000)
  object space 32256K, 48% used [0x0000000080000000,0x0000000080f64fd8,0x0000000081f80000)
 Metaspace       used 43243K, capacity 44674K, committed 44968K, reserved 1087488K
  class space    used 5860K, capacity 6215K, committed 6320K, reserved 1048576K
}

