# JRE version: OpenJDK Runtime Environment (8.0_242-b01) (build 1.8.0_242-release-1644-b01)
# Java VM: OpenJDK 64-Bit Server VM (25.242-b01 mixed mode windows-amd64 compressed oops)
Heap:
 PSYoungGen      total 101888K, used 11801K [0x00000000d5580000, 0x00000000dd100000, 0x0000000100000000)
  eden space 93184K, 12% used [0x00000000d5580000,0x00000000d6106408,0x00000000db080000)
  from space 8704K, 0% used [0x00000000dc880000,0x00000000dc880000,0x00000000dd100000)
  to   space 9728K, 0% used [0x00000000dbe00000,0x00000000dbe00000,0x00000000dc780000)
 ParOldGen       total 27648K, used 13764K [0x0000000080000000, 0x0000000081b00000, 0x00000000d5580000)
  object space 27648K, 49% used [0x0000000080000000,0x0000000080d71358,0x0000000081b00000)
 Metaspace       used 35016K, capacity 36010K, committed 36136K, reserved 1081344K
  class space    used 4803K, capacity 5064K, committed 5168K, reserved 1048576K
GC Heap History (10 events):
Event: 10.020 GC heap before
{Heap before GC invocations=10 (full 1):
 PSYoungGen      total 74240K, used 6141K [0x00000000d5580000, 0x00000000dd100000, 0x0000000100000000)
  eden space 68096K, 0% used [0x00000000d5580000,0x00000000d5580000,0x00000000d9800000)
  from space 6144K, 99% used [0x00000000d9800000,0x00000000d9dff700,0x00000000d9e00000)
  to   space 8704K, 0% used [0x00000000dc880000,0x00000000dc880000,0x00000000dd100000)
 ParOldGen       total 22016K, used 10937K [0x0000000080000000, 0x0000000081580000, 0x00000000d5580000)
  object space 22016K, 49% used [0x0000000080000000,0x0000000080aae5b0,0x0000000081580000)
 Metaspace       used 20663K, capacity 21260K, committed 21296K, reserved 1067008K
  class space    used 2893K, capacity 3116K, committed 3120K, reserved 1048576K
Event: 10.147 GC heap after
Heap after GC invocations=10 (full 1):
 PSYoungGen      total 74240K, used 0K [0x00000000d5580000, 0x00000000dd100000, 0x0000000100000000)
  eden space 68096K, 0% used [0x00000000d5580000,0x00000000d5580000,0x00000000d9800000)
  from space 6144K, 0% used [0x00000000d9800000,0x00000000d9800000,0x00000000d9e00000)
  to   space 8704K, 0% used [0x00000000dc880000,0x00000000dc880000,0x00000000dd100000)
 ParOldGen       total 27648K, used 12015K [0x0000000080000000, 0x0000000081b00000, 0x00000000d5580000)
  object space 27648K, 43% used [0x0000000080000000,0x0000000080bbbf28,0x0000000081b00000)
 Metaspace       used 20663K, capacity 21260K, committed 21296K, reserved 1067008K
  class space    used 2893K, capacity 3116K, committed 3120K, reserved 1048576K
}
Event: 12.402 GC heap before
{Heap before GC invocations=11 (full 1):
 PSYoungGen      total 74240K, used 68096K [0x00000000d5580000, 0x00000000dd100000, 0x0000000100000000)
  eden space 68096K, 100% used [0x00000000d5580000,0x00000000d9800000,0x00000000d9800000)
  from space 6144K, 0% used [0x00000000d9800000,0x00000000d9800000,0x00000000d9e00000)
  to   space 8704K, 0% used [0x00000000dc880000,0x00000000dc880000,0x00000000dd100000)
 ParOldGen       total 27648K, used 12015K [0x0000000080000000, 0x0000000081b00000, 0x00000000d5580000)
  object space 27648K, 43% used [0x0000000080000000,0x0000000080bbbf28,0x0000000081b00000)
 Metaspace       used 28902K, capacity 29556K, committed 29744K, reserved 1075200K
  class space    used 3908K, capacity 4127K, committed 4144K, reserved 1048576K
Event: 12.427 GC heap after
Heap after GC invocations=11 (full 1):
 PSYoungGen      total 101888K, used 8281K [0x00000000d5580000, 0x00000000dd100000, 0x0000000100000000)
  eden space 93184K, 0% used [0x00000000d5580000,0x00000000d5580000,0x00000000db080000)
  from space 8704K, 95% used [0x00000000dc880000,0x00000000dd096468,0x00000000dd100000)
  to   space 9728K, 0% used [0x00000000dbe00000,0x00000000dbe00000,0x00000000dc780000)
 ParOldGen       total 27648K, used 12023K [0x0000000080000000, 0x0000000081b00000, 0x00000000d5580000)
  object space 27648K, 43% used [0x0000000080000000,0x0000000080bbdf28,0x0000000081b00000)
 Metaspace       used 28902K, capacity 29556K, committed 29744K, reserved 1075200K
  class space    used 3908K, capacity 4127K, committed 4144K, reserved 1048576K
}
Event: 14.681 GC heap before
{Heap before GC invocations=12 (full 1):
 PSYoungGen      total 101888K, used 101465K [0x00000000d5580000, 0x00000000dd100000, 0x0000000100000000)
  eden space 93184K, 100% used [0x00000000d5580000,0x00000000db080000,0x00000000db080000)
  from space 8704K, 95% used [0x00000000dc880000,0x00000000dd096468,0x00000000dd100000)
  to   space 9728K, 0% used [0x00000000dbe00000,0x00000000dbe00000,0x00000000dc780000)
 ParOldGen       total 27648K, used 12023K [0x0000000080000000, 0x0000000081b00000, 0x00000000d5580000)
  object space 27648K, 43% used [0x0000000080000000,0x0000000080bbdf28,0x0000000081b00000)
 Metaspace       used 33874K, capacity 34672K, committed 34864K, reserved 1079296K
  class space    used 4650K, capacity 4907K, committed 4912K, reserved 1048576K
Event: 14.749 GC heap after
Heap after GC invocations=12 (full 1):
 PSYoungGen      total 102912K, used 7261K [0x00000000d5580000, 0x00000000dd100000, 0x0000000100000000)
  eden space 93184K, 0% used [0x00000000d5580000,0x00000000d5580000,0x00000000db080000)
  from space 9728K, 74% used [0x00000000dbe00000,0x00000000dc5176f0,0x00000000dc780000)
  to   space 8704K, 0% used [0x00000000dc880000,0x00000000dc880000,0x00000000dd100000)
 ParOldGen       total 27648K, used 15486K [0x0000000080000000, 0x0000000081b00000, 0x00000000d5580000)
  object space 27648K, 56% used [0x0000000080000000,0x0000000080f1fa88,0x0000000081b00000)
 Metaspace       used 33874K, capacity 34672K, committed 34864K, reserved 1079296K
  class space    used 4650K, capacity 4907K, committed 4912K, reserved 1048576K
}
Event: 15.022 GC heap before
{Heap before GC invocations=13 (full 1):
 PSYoungGen      total 102912K, used 20664K [0x00000000d5580000, 0x00000000dd100000, 0x0000000100000000)
  eden space 93184K, 14% used [0x00000000d5580000,0x00000000d6296b58,0x00000000db080000)
  from space 9728K, 74% used [0x00000000dbe00000,0x00000000dc5176f0,0x00000000dc780000)
  to   space 8704K, 0% used [0x00000000dc880000,0x00000000dc880000,0x00000000dd100000)
 ParOldGen       total 27648K, used 15486K [0x0000000080000000, 0x0000000081b00000, 0x00000000d5580000)
  object space 27648K, 56% used [0x0000000080000000,0x0000000080f1fa88,0x0000000081b00000)
 Metaspace       used 34568K, capacity 35430K, committed 35496K, reserved 1079296K
  class space    used 4748K, capacity 5002K, committed 5040K, reserved 1048576K
Event: 15.035 GC heap after
Heap after GC invocations=13 (full 1):
 PSYoungGen      total 101888K, used 896K [0x00000000d5580000, 0x00000000dd100000, 0x0000000100000000)
  eden space 93184K, 0% used [0x00000000d5580000,0x00000000d5580000,0x00000000db080000)
  from space 8704K, 10% used [0x00000000dc880000,0x00000000dc960220,0x00000000dd100000)
  to   space 9728K, 0% used [0x00000000dbe00000,0x00000000dbe00000,0x00000000dc780000)
 ParOldGen       total 27648K, used 18190K [0x0000000080000000, 0x0000000081b00000, 0x00000000d5580000)
  object space 27648K, 65% used [0x0000000080000000,0x00000000811c3ab8,0x0000000081b00000)
 Metaspace       used 34568K, capacity 35430K, committed 35496K, reserved 1079296K
  class space    used 4748K, capacity 5002K, committed 5040K, reserved 1048576K
}
Event: 15.035 GC heap before
{Heap before GC invocations=14 (full 2):
 PSYoungGen      total 101888K, used 896K [0x00000000d5580000, 0x00000000dd100000, 0x0000000100000000)
  eden space 93184K, 0% used [0x00000000d5580000,0x00000000d5580000,0x00000000db080000)
  from space 8704K, 10% used [0x00000000dc880000,0x00000000dc960220,0x00000000dd100000)
  to   space 9728K, 0% used [0x00000000dbe00000,0x00000000dbe00000,0x00000000dc780000)
 ParOldGen       total 27648K, used 18190K [0x0000000080000000, 0x0000000081b00000, 0x00000000d5580000)
  object space 27648K, 65% used [0x0000000080000000,0x00000000811c3ab8,0x0000000081b00000)
 Metaspace       used 34568K, capacity 35430K, committed 35496K, reserved 1079296K
  class space    used 4748K, capacity 5002K, committed 5040K, reserved 1048576K
Event: 15.293 GC heap after
Heap after GC invocations=14 (full 2):
 PSYoungGen      total 101888K, used 0K [0x00000000d5580000, 0x00000000dd100000, 0x0000000100000000)
  eden space 93184K, 0% used [0x00000000d5580000,0x00000000d5580000,0x00000000db080000)
  from space 8704K, 0% used [0x00000000dc880000,0x00000000dc880000,0x00000000dd100000)
  to   space 9728K, 0% used [0x00000000dbe00000,0x00000000dbe00000,0x00000000dc780000)
 ParOldGen       total 27648K, used 13764K [0x0000000080000000, 0x0000000081b00000, 0x00000000d5580000)
  object space 27648K, 49% used [0x0000000080000000,0x0000000080d71358,0x0000000081b00000)
 Metaspace       used 34568K, capacity 35430K, committed 35496K, reserved 1079296K
  class space    used 4748K, capacity 5002K, committed 5040K, reserved 1048576K
}

