# JRE version: OpenJDK Runtime Environment (8.0_242-b01) (build 1.8.0_242-release-1644-b01)
# Java VM: OpenJDK 64-Bit Server VM (25.242-b01 mixed mode windows-amd64 compressed oops)
Heap:
 PSYoungGen      total 217600K, used 97484K [0x00000000d5580000, 0x00000000e5900000, 0x0000000100000000)
  eden space 195072K, 38% used [0x00000000d5580000,0x00000000d9eb77d8,0x00000000e1400000)
  from space 22528K, 99% used [0x00000000e2e80000,0x00000000e447baf8,0x00000000e4480000)
  to   space 27136K, 0% used [0x00000000e1400000,0x00000000e1400000,0x00000000e2e80000)
 ParOldGen       total 69632K, used 38078K [0x0000000080000000, 0x0000000084400000, 0x00000000d5580000)
  object space 69632K, 54% used [0x0000000080000000,0x000000008252f888,0x0000000084400000)
 Metaspace       used 71409K, capacity 74326K, committed 74520K, reserved 1114112K
  class space    used 9608K, capacity 10250K, committed 10288K, reserved 1048576K
GC Heap History (10 events):
Event: 20.061 GC heap before
{Heap before GC invocations=15 (full 2):
 PSYoungGen      total 141824K, used 131072K [0x00000000d5580000, 0x00000000dff80000, 0x0000000100000000)
  eden space 131072K, 100% used [0x00000000d5580000,0x00000000dd580000,0x00000000dd580000)
  from space 10752K, 0% used [0x00000000de000000,0x00000000de000000,0x00000000dea80000)
  to   space 10752K, 0% used [0x00000000dd580000,0x00000000dd580000,0x00000000de000000)
 ParOldGen       total 36352K, used 13795K [0x0000000080000000, 0x0000000082380000, 0x00000000d5580000)
  object space 36352K, 37% used [0x0000000080000000,0x0000000080d78ca8,0x0000000082380000)
 Metaspace       used 45510K, capacity 46978K, committed 47272K, reserved 1089536K
  class space    used 6130K, capacity 6481K, committed 6576K, reserved 1048576K
Event: 20.112 GC heap after
Heap after GC invocations=15 (full 2):
 PSYoungGen      total 141824K, used 10736K [0x00000000d5580000, 0x00000000e1800000, 0x0000000100000000)
  eden space 131072K, 0% used [0x00000000d5580000,0x00000000d5580000,0x00000000dd580000)
  from space 10752K, 99% used [0x00000000dd580000,0x00000000ddffc328,0x00000000de000000)
  to   space 14848K, 0% used [0x00000000e0980000,0x00000000e0980000,0x00000000e1800000)
 ParOldGen       total 36352K, used 19520K [0x0000000080000000, 0x0000000082380000, 0x00000000d5580000)
  object space 36352K, 53% used [0x0000000080000000,0x00000000813101b8,0x0000000082380000)
 Metaspace       used 45510K, capacity 46978K, committed 47272K, reserved 1089536K
  class space    used 6130K, capacity 6481K, committed 6576K, reserved 1048576K
}
Event: 25.553 GC heap before
{Heap before GC invocations=16 (full 2):
 PSYoungGen      total 141824K, used 141808K [0x00000000d5580000, 0x00000000e1800000, 0x0000000100000000)
  eden space 131072K, 100% used [0x00000000d5580000,0x00000000dd580000,0x00000000dd580000)
  from space 10752K, 99% used [0x00000000dd580000,0x00000000ddffc328,0x00000000de000000)
  to   space 14848K, 0% used [0x00000000e0980000,0x00000000e0980000,0x00000000e1800000)
 ParOldGen       total 36352K, used 19520K [0x0000000080000000, 0x0000000082380000, 0x00000000d5580000)
  object space 36352K, 53% used [0x0000000080000000,0x00000000813101b8,0x0000000082380000)
 Metaspace       used 56978K, capacity 58916K, committed 59160K, reserved 1099776K
  class space    used 7796K, capacity 8235K, committed 8240K, reserved 1048576K
Event: 25.640 GC heap after
Heap after GC invocations=16 (full 2):
 PSYoungGen      total 178176K, used 14827K [0x00000000d5580000, 0x00000000e2180000, 0x0000000100000000)
  eden space 163328K, 0% used [0x00000000d5580000,0x00000000d5580000,0x00000000df500000)
  from space 14848K, 99% used [0x00000000e0980000,0x00000000e17fad30,0x00000000e1800000)
  to   space 20992K, 0% used [0x00000000df500000,0x00000000df500000,0x00000000e0980000)
 ParOldGen       total 36352K, used 29413K [0x0000000080000000, 0x0000000082380000, 0x00000000d5580000)
  object space 36352K, 80% used [0x0000000080000000,0x0000000081cb9720,0x0000000082380000)
 Metaspace       used 56978K, capacity 58916K, committed 59160K, reserved 1099776K
  class space    used 7796K, capacity 8235K, committed 8240K, reserved 1048576K
}
Event: 25.640 GC heap before
{Heap before GC invocations=17 (full 3):
 PSYoungGen      total 178176K, used 14827K [0x00000000d5580000, 0x00000000e2180000, 0x0000000100000000)
  eden space 163328K, 0% used [0x00000000d5580000,0x00000000d5580000,0x00000000df500000)
  from space 14848K, 99% used [0x00000000e0980000,0x00000000e17fad30,0x00000000e1800000)
  to   space 20992K, 0% used [0x00000000df500000,0x00000000df500000,0x00000000e0980000)
 ParOldGen       total 36352K, used 29413K [0x0000000080000000, 0x0000000082380000, 0x00000000d5580000)
  object space 36352K, 80% used [0x0000000080000000,0x0000000081cb9720,0x0000000082380000)
 Metaspace       used 56978K, capacity 58916K, committed 59160K, reserved 1099776K
  class space    used 7796K, capacity 8235K, committed 8240K, reserved 1048576K
Event: 26.206 GC heap after
Heap after GC invocations=17 (full 3):
 PSYoungGen      total 178176K, used 0K [0x00000000d5580000, 0x00000000e2180000, 0x0000000100000000)
  eden space 163328K, 0% used [0x00000000d5580000,0x00000000d5580000,0x00000000df500000)
  from space 14848K, 0% used [0x00000000e0980000,0x00000000e0980000,0x00000000e1800000)
  to   space 20992K, 0% used [0x00000000df500000,0x00000000df500000,0x00000000e0980000)
 ParOldGen       total 69632K, used 36324K [0x0000000080000000, 0x0000000084400000, 0x00000000d5580000)
  object space 69632K, 52% used [0x0000000080000000,0x0000000082379310,0x0000000084400000)
 Metaspace       used 56978K, capacity 58916K, committed 59160K, reserved 1099776K
  class space    used 7796K, capacity 8235K, committed 8240K, reserved 1048576K
}
Event: 34.740 GC heap before
{Heap before GC invocations=18 (full 3):
 PSYoungGen      total 178176K, used 163328K [0x00000000d5580000, 0x00000000e2180000, 0x0000000100000000)
  eden space 163328K, 100% used [0x00000000d5580000,0x00000000df500000,0x00000000df500000)
  from space 14848K, 0% used [0x00000000e0980000,0x00000000e0980000,0x00000000e1800000)
  to   space 20992K, 0% used [0x00000000df500000,0x00000000df500000,0x00000000e0980000)
 ParOldGen       total 69632K, used 36324K [0x0000000080000000, 0x0000000084400000, 0x00000000d5580000)
  object space 69632K, 52% used [0x0000000080000000,0x0000000082379310,0x0000000084400000)
 Metaspace       used 61305K, capacity 63782K, committed 63896K, reserved 1103872K
  class space    used 8360K, capacity 8878K, committed 8880K, reserved 1048576K
Event: 34.816 GC heap after
Heap after GC invocations=18 (full 3):
 PSYoungGen      total 184320K, used 14803K [0x00000000d5580000, 0x00000000e4480000, 0x0000000100000000)
  eden space 163328K, 0% used [0x00000000d5580000,0x00000000d5580000,0x00000000df500000)
  from space 20992K, 70% used [0x00000000df500000,0x00000000e0374e28,0x00000000e0980000)
  to   space 22528K, 0% used [0x00000000e2e80000,0x00000000e2e80000,0x00000000e4480000)
 ParOldGen       total 69632K, used 36332K [0x0000000080000000, 0x0000000084400000, 0x00000000d5580000)
  object space 69632K, 52% used [0x0000000080000000,0x000000008237b310,0x0000000084400000)
 Metaspace       used 61305K, capacity 63782K, committed 63896K, reserved 1103872K
  class space    used 8360K, capacity 8878K, committed 8880K, reserved 1048576K
}
Event: 43.011 GC heap before
{Heap before GC invocations=19 (full 3):
 PSYoungGen      total 184320K, used 178131K [0x00000000d5580000, 0x00000000e4480000, 0x0000000100000000)
  eden space 163328K, 100% used [0x00000000d5580000,0x00000000df500000,0x00000000df500000)
  from space 20992K, 70% used [0x00000000df500000,0x00000000e0374e28,0x00000000e0980000)
  to   space 22528K, 0% used [0x00000000e2e80000,0x00000000e2e80000,0x00000000e4480000)
 ParOldGen       total 69632K, used 36332K [0x0000000080000000, 0x0000000084400000, 0x00000000d5580000)
  object space 69632K, 52% used [0x0000000080000000,0x000000008237b310,0x0000000084400000)
 Metaspace       used 68826K, capacity 71546K, committed 71832K, reserved 1112064K
  class space    used 9256K, capacity 9824K, committed 9904K, reserved 1048576K
Event: 43.677 GC heap after
Heap after GC invocations=19 (full 3):
 PSYoungGen      total 217600K, used 22510K [0x00000000d5580000, 0x00000000e5900000, 0x0000000100000000)
  eden space 195072K, 0% used [0x00000000d5580000,0x00000000d5580000,0x00000000e1400000)
  from space 22528K, 99% used [0x00000000e2e80000,0x00000000e447baf8,0x00000000e4480000)
  to   space 27136K, 0% used [0x00000000e1400000,0x00000000e1400000,0x00000000e2e80000)
 ParOldGen       total 69632K, used 38078K [0x0000000080000000, 0x0000000084400000, 0x00000000d5580000)
  object space 69632K, 54% used [0x0000000080000000,0x000000008252f888,0x0000000084400000)
 Metaspace       used 68826K, capacity 71546K, committed 71832K, reserved 1112064K
  class space    used 9256K, capacity 9824K, committed 9904K, reserved 1048576K
}

