# JRE version: OpenJDK Runtime Environment (8.0_242-b01) (build 1.8.0_242-release-1644-b01)
# Java VM: OpenJDK 64-Bit Server VM (25.242-b01 mixed mode windows-amd64 compressed oops)
Heap:
 PSYoungGen      total 100352K, used 70306K [0x00000000d5580000, 0x00000000dd100000, 0x0000000100000000)
  eden space 91648K, 67% used [0x00000000d5580000,0x00000000d9220440,0x00000000daf00000)
  from space 8704K, 94% used [0x00000000dc880000,0x00000000dd0884a8,0x00000000dd100000)
  to   space 10240K, 0% used [0x00000000dbd00000,0x00000000dbd00000,0x00000000dc700000)
 ParOldGen       total 28160K, used 11980K [0x0000000080000000, 0x0000000081b80000, 0x00000000d5580000)
  object space 28160K, 42% used [0x0000000080000000,0x0000000080bb33c8,0x0000000081b80000)
 Metaspace       used 32413K, capacity 33184K, committed 33456K, reserved 1077248K
  class space    used 4424K, capacity 4673K, committed 4784K, reserved 1048576K
GC Heap History (10 events):
Event: 6.697 GC heap before
{Heap before GC invocations=7 (full 0):
 PSYoungGen      total 37888K, used 37477K [0x00000000d5580000, 0x00000000d7d80000, 0x0000000100000000)
  eden space 34816K, 100% used [0x00000000d5580000,0x00000000d7780000,0x00000000d7780000)
  from space 3072K, 86% used [0x00000000d7a80000,0x00000000d7d19410,0x00000000d7d80000)
  to   space 3072K, 0% used [0x00000000d7780000,0x00000000d7780000,0x00000000d7a80000)
 ParOldGen       total 22016K, used 3774K [0x0000000080000000, 0x0000000081580000, 0x00000000d5580000)
  object space 22016K, 17% used [0x0000000080000000,0x00000000803afba0,0x0000000081580000)
 Metaspace       used 12605K, capacity 12996K, committed 13184K, reserved 1060864K
  class space    used 1714K, capacity 1854K, committed 1920K, reserved 1048576K
Event: 6.728 GC heap after
Heap after GC invocations=7 (full 0):
 PSYoungGen      total 37888K, used 3056K [0x00000000d5580000, 0x00000000da380000, 0x0000000100000000)
  eden space 34816K, 0% used [0x00000000d5580000,0x00000000d5580000,0x00000000d7780000)
  from space 3072K, 99% used [0x00000000d7780000,0x00000000d7a7c010,0x00000000d7a80000)
  to   space 5120K, 0% used [0x00000000d9e80000,0x00000000d9e80000,0x00000000da380000)
 ParOldGen       total 22016K, used 6908K [0x0000000080000000, 0x0000000081580000, 0x00000000d5580000)
  object space 22016K, 31% used [0x0000000080000000,0x00000000806bf1b0,0x0000000081580000)
 Metaspace       used 12605K, capacity 12996K, committed 13184K, reserved 1060864K
  class space    used 1714K, capacity 1854K, committed 1920K, reserved 1048576K
}
Event: 7.594 GC heap before
{Heap before GC invocations=8 (full 0):
 PSYoungGen      total 37888K, used 37872K [0x00000000d5580000, 0x00000000da380000, 0x0000000100000000)
  eden space 34816K, 100% used [0x00000000d5580000,0x00000000d7780000,0x00000000d7780000)
  from space 3072K, 99% used [0x00000000d7780000,0x00000000d7a7c010,0x00000000d7a80000)
  to   space 5120K, 0% used [0x00000000d9e80000,0x00000000d9e80000,0x00000000da380000)
 ParOldGen       total 22016K, used 6908K [0x0000000080000000, 0x0000000081580000, 0x00000000d5580000)
  object space 22016K, 31% used [0x0000000080000000,0x00000000806bf1b0,0x0000000081580000)
 Metaspace       used 15634K, capacity 16046K, committed 16384K, reserved 1062912K
  class space    used 2109K, capacity 2251K, committed 2304K, reserved 1048576K
Event: 7.626 GC heap after
Heap after GC invocations=8 (full 0):
 PSYoungGen      total 73216K, used 5110K [0x00000000d5580000, 0x00000000da680000, 0x0000000100000000)
  eden space 68096K, 0% used [0x00000000d5580000,0x00000000d5580000,0x00000000d9800000)
  from space 5120K, 99% used [0x00000000d9e80000,0x00000000da37d858,0x00000000da380000)
  to   space 6656K, 0% used [0x00000000d9800000,0x00000000d9800000,0x00000000d9e80000)
 ParOldGen       total 22016K, used 8204K [0x0000000080000000, 0x0000000081580000, 0x00000000d5580000)
  object space 22016K, 37% used [0x0000000080000000,0x00000000808033d8,0x0000000081580000)
 Metaspace       used 15634K, capacity 16046K, committed 16384K, reserved 1062912K
  class space    used 2109K, capacity 2251K, committed 2304K, reserved 1048576K
}
Event: 9.733 GC heap before
{Heap before GC invocations=9 (full 0):
 PSYoungGen      total 73216K, used 63731K [0x00000000d5580000, 0x00000000da680000, 0x0000000100000000)
  eden space 68096K, 86% used [0x00000000d5580000,0x00000000d8ebf6f0,0x00000000d9800000)
  from space 5120K, 99% used [0x00000000d9e80000,0x00000000da37d858,0x00000000da380000)
  to   space 6656K, 0% used [0x00000000d9800000,0x00000000d9800000,0x00000000d9e80000)
 ParOldGen       total 22016K, used 8204K [0x0000000080000000, 0x0000000081580000, 0x00000000d5580000)
  object space 22016K, 37% used [0x0000000080000000,0x00000000808033d8,0x0000000081580000)
 Metaspace       used 20631K, capacity 21228K, committed 21296K, reserved 1067008K
  class space    used 2889K, capacity 3084K, committed 3120K, reserved 1048576K
Event: 9.763 GC heap after
Heap after GC invocations=9 (full 0):
 PSYoungGen      total 74752K, used 6654K [0x00000000d5580000, 0x00000000dd100000, 0x0000000100000000)
  eden space 68096K, 0% used [0x00000000d5580000,0x00000000d5580000,0x00000000d9800000)
  from space 6656K, 99% used [0x00000000d9800000,0x00000000d9e7fb78,0x00000000d9e80000)
  to   space 8704K, 0% used [0x00000000dc880000,0x00000000dc880000,0x00000000dd100000)
 ParOldGen       total 22016K, used 11203K [0x0000000080000000, 0x0000000081580000, 0x00000000d5580000)
  object space 22016K, 50% used [0x0000000080000000,0x0000000080af0ef0,0x0000000081580000)
 Metaspace       used 20631K, capacity 21228K, committed 21296K, reserved 1067008K
  class space    used 2889K, capacity 3084K, committed 3120K, reserved 1048576K
}
Event: 9.763 GC heap before
{Heap before GC invocations=10 (full 1):
 PSYoungGen      total 74752K, used 6654K [0x00000000d5580000, 0x00000000dd100000, 0x0000000100000000)
  eden space 68096K, 0% used [0x00000000d5580000,0x00000000d5580000,0x00000000d9800000)
  from space 6656K, 99% used [0x00000000d9800000,0x00000000d9e7fb78,0x00000000d9e80000)
  to   space 8704K, 0% used [0x00000000dc880000,0x00000000dc880000,0x00000000dd100000)
 ParOldGen       total 22016K, used 11203K [0x0000000080000000, 0x0000000081580000, 0x00000000d5580000)
  object space 22016K, 50% used [0x0000000080000000,0x0000000080af0ef0,0x0000000081580000)
 Metaspace       used 20631K, capacity 21228K, committed 21296K, reserved 1067008K
  class space    used 2889K, capacity 3084K, committed 3120K, reserved 1048576K
Event: 9.903 GC heap after
Heap after GC invocations=10 (full 1):
 PSYoungGen      total 74752K, used 0K [0x00000000d5580000, 0x00000000dd100000, 0x0000000100000000)
  eden space 68096K, 0% used [0x00000000d5580000,0x00000000d5580000,0x00000000d9800000)
  from space 6656K, 0% used [0x00000000d9800000,0x00000000d9800000,0x00000000d9e80000)
  to   space 8704K, 0% used [0x00000000dc880000,0x00000000dc880000,0x00000000dd100000)
 ParOldGen       total 28160K, used 11972K [0x0000000080000000, 0x0000000081b80000, 0x00000000d5580000)
  object space 28160K, 42% used [0x0000000080000000,0x0000000080bb13c8,0x0000000081b80000)
 Metaspace       used 20631K, capacity 21228K, committed 21296K, reserved 1067008K
  class space    used 2889K, capacity 3084K, committed 3120K, reserved 1048576K
}
Event: 12.318 GC heap before
{Heap before GC invocations=11 (full 1):
 PSYoungGen      total 74752K, used 68096K [0x00000000d5580000, 0x00000000dd100000, 0x0000000100000000)
  eden space 68096K, 100% used [0x00000000d5580000,0x00000000d9800000,0x00000000d9800000)
  from space 6656K, 0% used [0x00000000d9800000,0x00000000d9800000,0x00000000d9e80000)
  to   space 8704K, 0% used [0x00000000dc880000,0x00000000dc880000,0x00000000dd100000)
 ParOldGen       total 28160K, used 11972K [0x0000000080000000, 0x0000000081b80000, 0x00000000d5580000)
  object space 28160K, 42% used [0x0000000080000000,0x0000000080bb13c8,0x0000000081b80000)
 Metaspace       used 28901K, capacity 29556K, committed 29744K, reserved 1075200K
  class space    used 3898K, capacity 4127K, committed 4144K, reserved 1048576K
Event: 12.355 GC heap after
Heap after GC invocations=11 (full 1):
 PSYoungGen      total 100352K, used 8225K [0x00000000d5580000, 0x00000000dd100000, 0x0000000100000000)
  eden space 91648K, 0% used [0x00000000d5580000,0x00000000d5580000,0x00000000daf00000)
  from space 8704K, 94% used [0x00000000dc880000,0x00000000dd0884a8,0x00000000dd100000)
  to   space 10240K, 0% used [0x00000000dbd00000,0x00000000dbd00000,0x00000000dc700000)
 ParOldGen       total 28160K, used 11980K [0x0000000080000000, 0x0000000081b80000, 0x00000000d5580000)
  object space 28160K, 42% used [0x0000000080000000,0x0000000080bb33c8,0x0000000081b80000)
 Metaspace       used 28901K, capacity 29556K, committed 29744K, reserved 1075200K
  class space    used 3898K, capacity 4127K, committed 4144K, reserved 1048576K
}

